2022-03-11 18:39:05,697 __main__     ERROR    20:41:54 E:JustUtil::SetEvent(32): LastError: 0x2. Error opening event  {611172A1-0EBC-49e8-A150-3052CE9F113A}-32-yabrowser

2022-03-11 18:39:05,699 __main__     ERROR    02:41:51 E:FileSystem::ReadFile(84): ERROR Can't open file:  C:\Users\karpus\AppData\Roaming\Yandex\vendor-specific-urlparam-yabrowser.txt

2022-03-11 18:39:05,759 __main__     CRITICAL 10:53:11 E:FileSystem::ReadFile(84): CRITICAL ERROR Can't open file:  C:\ProgramData\Yandex\clids-yabrowser.xml

2022-03-11 18:39:05,759 __main__     ERROR    10:53:11 E:FileSystem::ReadFile(84): ERROR Can't open file:  C:\Users\karpus\AppData\Roaming\Yandex\vendor-specific-urlparam-yabrowser.txt

2022-03-11 18:39:05,760 __main__     ERROR    10:53:23 E:JustUtil::SetEvent(32): LastError: 0x2. Error opening event  {611172A1-0EBC-49e8-A150-3052CE9F113A}-32-yabrowser

2022-03-11 18:39:05,762 __main__     CRITICAL 11:50:44 E:FileSystem::ReadFile(84): CRITICAL ERROR Can't open file:  C:\ProgramData\Yandex\clids-yabrowser.xml

2022-03-11 18:39:05,762 __main__     ERROR    11:50:44 E:FileSystem::ReadFile(84): ERROR Can't open file:  C:\Users\karpus\AppData\Roaming\Yandex\vendor-specific-urlparam-yabrowser.txt

2022-03-11 18:39:05,763 __main__     ERROR    11:50:54 E:JustUtil::SetEvent(32): LastError: 0x2. Error opening event  {611172A1-0EBC-49e8-A150-3052CE9F113A}-32-yabrowser

2022-03-11 18:39:05,765 __main__     ERROR    08:46:59 E:FileSystem::ReadFile(84): ERROR Can't open file:  C:\Users\karpus\AppData\Roaming\Yandex\vendor-specific-urlparam-yabrowser.txt

2022-03-11 18:39:05,772 __main__     ERROR    12:45:16 E:JustUtil::SetEvent(32): LastError: 0x2. Error opening event  {611172A1-0EBC-49e8-A150-3052CE9F113A}-32-yabrowser

2022-03-11 18:39:05,774 __main__     CRITICAL 10:25:26 E:FileSystem::ReadFile(84): CRITICAL ERROR Can't open file:  C:\ProgramData\Yandex\clids-yabrowser.xml

2022-03-11 18:39:05,774 __main__     ERROR    10:25:26 E:FileSystem::ReadFile(84): ERROR Can't open file:  C:\Users\karpus\AppData\Roaming\Yandex\vendor-specific-urlparam-yabrowser.txt

2022-03-11 18:39:05,775 __main__     ERROR    13:24:56 E:JustUtil::SetEvent(32): LastError: 0x2. Error opening event  {611172A1-0EBC-49e8-A150-3052CE9F113A}-32-yabrowser

2022-03-11 18:39:05,776 __main__     ERROR    17:00:07 E:TBitsTransferCompletion::TWorker::Error(220): Job error code: HR= 0x80190194.

2022-03-11 18:39:05,777 __main__     ERROR    Line 7572: 22:20:53 E:installUpdate(556): Process returned error code= 0x4

2022-03-11 18:39:05,778 __main__     ERROR    08:55:05 E:FileSystem::ReadFile(84): ERROR Can't open file:  C:\Users\karpus\AppData\Roaming\Yandex\vendor-specific-urlparam-yabrowser.txt

2022-03-11 18:39:05,779 __main__     ERROR    14:54:55 E:JustUtil::SetEvent(32): LastError: 0x2. Error opening event  {611172A1-0EBC-49e8-A150-3052CE9F113A}-32-yabrowser

2022-03-11 18:39:05,781 __main__     ERROR    10:00:42 E:FileSystem::ReadFile(84): ERROR Can't open file:  C:\Users\karpus\AppData\Roaming\Yandex\vendor-specific-urlparam-yabrowser.txt

2022-03-11 18:39:05,785 __main__     ERROR    16:00:10 E:JustUtil::SetEvent(32): LastError: 0x2. Error opening event  {611172A1-0EBC-49e8-A150-3052CE9F113A}-32-yabrowser

2022-03-11 18:39:05,786 __main__     ERROR    09:00:38 E:FileSystem::ReadFile(84): ERROR Can't open file:  C:\Users\karpus\AppData\Roaming\Yandex\vendor-specific-urlparam-yabrowser.txt

2022-03-11 18:39:05,787 __main__     ERROR    14:40:18 E:FileSystem::ReadFile(84): ERROR Can't open file:  C:\Users\karpus\AppData\Roaming\Yandex\vendor-specific-urlparam-yabrowser.txt

2022-03-11 18:39:05,787 __main__     ERROR    14:40:34 E:JustUtil::SetEvent(32): LastError: 0x2. Error opening event  {611172A1-0EBC-49e8-A150-3052CE9F113A}-32-yabrowser

2022-03-11 18:39:05,788 __main__     CRITICAL 08:52:29 E:FileSystem::ReadFile(84): CRITICAL ERROR Can't open file:  C:\ProgramData\Yandex\clids-yabrowser.xml

2022-03-11 18:39:05,788 __main__     ERROR    08:52:29 E:FileSystem::ReadFile(84): ERROR Can't open file:  C:\Users\karpus\AppData\Roaming\Yandex\vendor-specific-urlparam-yabrowser.txt

2022-03-11 18:40:56,054 __main__     ERROR    20:41:54 E:JustUtil::SetEvent(32): LastError: 0x2. Error opening event  {611172A1-0EBC-49e8-A150-3052CE9F113A}-32-yabrowser

2022-03-11 18:40:56,055 __main__     ERROR    02:41:51 E:FileSystem::ReadFile(84): ERROR Can't open file:  C:\Users\karpus\AppData\Roaming\Yandex\vendor-specific-urlparam-yabrowser.txt

2022-03-11 18:40:56,084 __main__     CRITICAL 10:53:11 E:FileSystem::ReadFile(84): CRITICAL ERROR Can't open file:  C:\ProgramData\Yandex\clids-yabrowser.xml

2022-03-11 18:40:56,084 __main__     ERROR    10:53:11 E:FileSystem::ReadFile(84): ERROR Can't open file:  C:\Users\karpus\AppData\Roaming\Yandex\vendor-specific-urlparam-yabrowser.txt

2022-03-11 18:40:56,084 __main__     ERROR    10:53:23 E:JustUtil::SetEvent(32): LastError: 0x2. Error opening event  {611172A1-0EBC-49e8-A150-3052CE9F113A}-32-yabrowser

2022-03-11 18:40:56,085 __main__     CRITICAL 11:50:44 E:FileSystem::ReadFile(84): CRITICAL ERROR Can't open file:  C:\ProgramData\Yandex\clids-yabrowser.xml

2022-03-11 18:40:56,085 __main__     ERROR    11:50:44 E:FileSystem::ReadFile(84): ERROR Can't open file:  C:\Users\karpus\AppData\Roaming\Yandex\vendor-specific-urlparam-yabrowser.txt

2022-03-11 18:40:56,086 __main__     ERROR    11:50:54 E:JustUtil::SetEvent(32): LastError: 0x2. Error opening event  {611172A1-0EBC-49e8-A150-3052CE9F113A}-32-yabrowser

2022-03-11 18:40:56,087 __main__     ERROR    08:46:59 E:FileSystem::ReadFile(84): ERROR Can't open file:  C:\Users\karpus\AppData\Roaming\Yandex\vendor-specific-urlparam-yabrowser.txt

2022-03-11 18:40:56,091 __main__     ERROR    12:45:16 E:JustUtil::SetEvent(32): LastError: 0x2. Error opening event  {611172A1-0EBC-49e8-A150-3052CE9F113A}-32-yabrowser

2022-03-11 18:40:56,093 __main__     CRITICAL 10:25:26 E:FileSystem::ReadFile(84): CRITICAL ERROR Can't open file:  C:\ProgramData\Yandex\clids-yabrowser.xml

2022-03-11 18:40:56,093 __main__     ERROR    10:25:26 E:FileSystem::ReadFile(84): ERROR Can't open file:  C:\Users\karpus\AppData\Roaming\Yandex\vendor-specific-urlparam-yabrowser.txt

2022-03-11 18:40:56,095 __main__     ERROR    13:24:56 E:JustUtil::SetEvent(32): LastError: 0x2. Error opening event  {611172A1-0EBC-49e8-A150-3052CE9F113A}-32-yabrowser

2022-03-11 18:40:56,096 __main__     ERROR    17:00:07 E:TBitsTransferCompletion::TWorker::Error(220): Job error code: HR= 0x80190194.

2022-03-11 18:40:56,096 __main__     ERROR    Line 7572: 22:20:53 E:installUpdate(556): Process returned error code= 0x4

2022-03-11 18:40:56,097 __main__     ERROR    08:55:05 E:FileSystem::ReadFile(84): ERROR Can't open file:  C:\Users\karpus\AppData\Roaming\Yandex\vendor-specific-urlparam-yabrowser.txt

2022-03-11 18:40:56,098 __main__     ERROR    14:54:55 E:JustUtil::SetEvent(32): LastError: 0x2. Error opening event  {611172A1-0EBC-49e8-A150-3052CE9F113A}-32-yabrowser

2022-03-11 18:40:56,099 __main__     ERROR    10:00:42 E:FileSystem::ReadFile(84): ERROR Can't open file:  C:\Users\karpus\AppData\Roaming\Yandex\vendor-specific-urlparam-yabrowser.txt

2022-03-11 18:40:56,100 __main__     ERROR    16:00:10 E:JustUtil::SetEvent(32): LastError: 0x2. Error opening event  {611172A1-0EBC-49e8-A150-3052CE9F113A}-32-yabrowser

2022-03-11 18:40:56,101 __main__     ERROR    09:00:38 E:FileSystem::ReadFile(84): ERROR Can't open file:  C:\Users\karpus\AppData\Roaming\Yandex\vendor-specific-urlparam-yabrowser.txt

2022-03-11 18:40:56,102 __main__     ERROR    14:40:18 E:FileSystem::ReadFile(84): ERROR Can't open file:  C:\Users\karpus\AppData\Roaming\Yandex\vendor-specific-urlparam-yabrowser.txt

2022-03-11 18:40:56,102 __main__     ERROR    14:40:34 E:JustUtil::SetEvent(32): LastError: 0x2. Error opening event  {611172A1-0EBC-49e8-A150-3052CE9F113A}-32-yabrowser

2022-03-11 18:40:56,102 __main__     CRITICAL 08:52:29 E:FileSystem::ReadFile(84): CRITICAL ERROR Can't open file:  C:\ProgramData\Yandex\clids-yabrowser.xml

2022-03-11 18:40:56,102 __main__     ERROR    08:52:29 E:FileSystem::ReadFile(84): ERROR Can't open file:  C:\Users\karpus\AppData\Roaming\Yandex\vendor-specific-urlparam-yabrowser.txt

2022-03-11 18:41:13,647 __main__     ERROR    20:41:54 E:JustUtil::SetEvent(32): LastError: 0x2. Error opening event  {611172A1-0EBC-49e8-A150-3052CE9F113A}-32-yabrowser

2022-03-11 18:41:13,649 __main__     ERROR    02:41:51 E:FileSystem::ReadFile(84): ERROR Can't open file:  C:\Users\karpus\AppData\Roaming\Yandex\vendor-specific-urlparam-yabrowser.txt

2022-03-11 18:41:13,697 __main__     CRITICAL 10:53:11 E:FileSystem::ReadFile(84): CRITICAL ERROR Can't open file:  C:\ProgramData\Yandex\clids-yabrowser.xml

2022-03-11 18:41:13,697 __main__     ERROR    10:53:11 E:FileSystem::ReadFile(84): ERROR Can't open file:  C:\Users\karpus\AppData\Roaming\Yandex\vendor-specific-urlparam-yabrowser.txt

2022-03-11 18:41:13,697 __main__     ERROR    10:53:23 E:JustUtil::SetEvent(32): LastError: 0x2. Error opening event  {611172A1-0EBC-49e8-A150-3052CE9F113A}-32-yabrowser

2022-03-11 18:41:13,698 __main__     CRITICAL 11:50:44 E:FileSystem::ReadFile(84): CRITICAL ERROR Can't open file:  C:\ProgramData\Yandex\clids-yabrowser.xml

2022-03-11 18:41:13,698 __main__     ERROR    11:50:44 E:FileSystem::ReadFile(84): ERROR Can't open file:  C:\Users\karpus\AppData\Roaming\Yandex\vendor-specific-urlparam-yabrowser.txt

2022-03-11 18:41:13,698 __main__     ERROR    11:50:54 E:JustUtil::SetEvent(32): LastError: 0x2. Error opening event  {611172A1-0EBC-49e8-A150-3052CE9F113A}-32-yabrowser

2022-03-11 18:41:13,700 __main__     ERROR    08:46:59 E:FileSystem::ReadFile(84): ERROR Can't open file:  C:\Users\karpus\AppData\Roaming\Yandex\vendor-specific-urlparam-yabrowser.txt

2022-03-11 18:41:13,703 __main__     ERROR    12:45:16 E:JustUtil::SetEvent(32): LastError: 0x2. Error opening event  {611172A1-0EBC-49e8-A150-3052CE9F113A}-32-yabrowser

2022-03-11 18:41:13,705 __main__     CRITICAL 10:25:26 E:FileSystem::ReadFile(84): CRITICAL ERROR Can't open file:  C:\ProgramData\Yandex\clids-yabrowser.xml

2022-03-11 18:41:13,705 __main__     ERROR    10:25:26 E:FileSystem::ReadFile(84): ERROR Can't open file:  C:\Users\karpus\AppData\Roaming\Yandex\vendor-specific-urlparam-yabrowser.txt

2022-03-11 18:41:13,706 __main__     ERROR    13:24:56 E:JustUtil::SetEvent(32): LastError: 0x2. Error opening event  {611172A1-0EBC-49e8-A150-3052CE9F113A}-32-yabrowser

2022-03-11 18:41:13,706 __main__     ERROR    17:00:07 E:TBitsTransferCompletion::TWorker::Error(220): Job error code: HR= 0x80190194.

2022-03-11 18:41:13,706 __main__     ERROR    Line 7572: 22:20:53 E:installUpdate(556): Process returned error code= 0x4

2022-03-11 18:41:13,707 __main__     ERROR    08:55:05 E:FileSystem::ReadFile(84): ERROR Can't open file:  C:\Users\karpus\AppData\Roaming\Yandex\vendor-specific-urlparam-yabrowser.txt

2022-03-11 18:41:13,708 __main__     ERROR    14:54:55 E:JustUtil::SetEvent(32): LastError: 0x2. Error opening event  {611172A1-0EBC-49e8-A150-3052CE9F113A}-32-yabrowser

2022-03-11 18:41:13,709 __main__     ERROR    10:00:42 E:FileSystem::ReadFile(84): ERROR Can't open file:  C:\Users\karpus\AppData\Roaming\Yandex\vendor-specific-urlparam-yabrowser.txt

2022-03-11 18:41:13,710 __main__     ERROR    16:00:10 E:JustUtil::SetEvent(32): LastError: 0x2. Error opening event  {611172A1-0EBC-49e8-A150-3052CE9F113A}-32-yabrowser

2022-03-11 18:41:13,712 __main__     ERROR    09:00:38 E:FileSystem::ReadFile(84): ERROR Can't open file:  C:\Users\karpus\AppData\Roaming\Yandex\vendor-specific-urlparam-yabrowser.txt

2022-03-11 18:41:13,712 __main__     ERROR    14:40:18 E:FileSystem::ReadFile(84): ERROR Can't open file:  C:\Users\karpus\AppData\Roaming\Yandex\vendor-specific-urlparam-yabrowser.txt

2022-03-11 18:41:13,713 __main__     ERROR    14:40:34 E:JustUtil::SetEvent(32): LastError: 0x2. Error opening event  {611172A1-0EBC-49e8-A150-3052CE9F113A}-32-yabrowser

2022-03-11 18:41:13,713 __main__     CRITICAL 08:52:29 E:FileSystem::ReadFile(84): CRITICAL ERROR Can't open file:  C:\ProgramData\Yandex\clids-yabrowser.xml

2022-03-11 18:41:13,713 __main__     ERROR    08:52:29 E:FileSystem::ReadFile(84): ERROR Can't open file:  C:\Users\karpus\AppData\Roaming\Yandex\vendor-specific-urlparam-yabrowser.txt

2022-03-11 18:41:31,196 __main__     ERROR    20:41:54 E:JustUtil::SetEvent(32): LastError: 0x2. Error opening event  {611172A1-0EBC-49e8-A150-3052CE9F113A}-32-yabrowser

2022-03-11 18:41:31,197 __main__     ERROR    02:41:51 E:FileSystem::ReadFile(84): ERROR Can't open file:  C:\Users\karpus\AppData\Roaming\Yandex\vendor-specific-urlparam-yabrowser.txt

2022-03-11 18:41:31,229 __main__     CRITICAL 10:53:11 E:FileSystem::ReadFile(84): CRITICAL ERROR Can't open file:  C:\ProgramData\Yandex\clids-yabrowser.xml

2022-03-11 18:41:31,229 __main__     ERROR    10:53:11 E:FileSystem::ReadFile(84): ERROR Can't open file:  C:\Users\karpus\AppData\Roaming\Yandex\vendor-specific-urlparam-yabrowser.txt

2022-03-11 18:41:31,229 __main__     ERROR    10:53:23 E:JustUtil::SetEvent(32): LastError: 0x2. Error opening event  {611172A1-0EBC-49e8-A150-3052CE9F113A}-32-yabrowser

2022-03-11 18:41:31,230 __main__     CRITICAL 11:50:44 E:FileSystem::ReadFile(84): CRITICAL ERROR Can't open file:  C:\ProgramData\Yandex\clids-yabrowser.xml

2022-03-11 18:41:31,230 __main__     ERROR    11:50:44 E:FileSystem::ReadFile(84): ERROR Can't open file:  C:\Users\karpus\AppData\Roaming\Yandex\vendor-specific-urlparam-yabrowser.txt

2022-03-11 18:41:31,230 __main__     ERROR    11:50:54 E:JustUtil::SetEvent(32): LastError: 0x2. Error opening event  {611172A1-0EBC-49e8-A150-3052CE9F113A}-32-yabrowser

2022-03-11 18:41:31,232 __main__     ERROR    08:46:59 E:FileSystem::ReadFile(84): ERROR Can't open file:  C:\Users\karpus\AppData\Roaming\Yandex\vendor-specific-urlparam-yabrowser.txt

2022-03-11 18:41:31,235 __main__     ERROR    12:45:16 E:JustUtil::SetEvent(32): LastError: 0x2. Error opening event  {611172A1-0EBC-49e8-A150-3052CE9F113A}-32-yabrowser

2022-03-11 18:41:31,237 __main__     CRITICAL 10:25:26 E:FileSystem::ReadFile(84): CRITICAL ERROR Can't open file:  C:\ProgramData\Yandex\clids-yabrowser.xml

2022-03-11 18:41:31,237 __main__     ERROR    10:25:26 E:FileSystem::ReadFile(84): ERROR Can't open file:  C:\Users\karpus\AppData\Roaming\Yandex\vendor-specific-urlparam-yabrowser.txt

2022-03-11 18:41:31,238 __main__     ERROR    13:24:56 E:JustUtil::SetEvent(32): LastError: 0x2. Error opening event  {611172A1-0EBC-49e8-A150-3052CE9F113A}-32-yabrowser

2022-03-11 18:41:31,238 __main__     ERROR    17:00:07 E:TBitsTransferCompletion::TWorker::Error(220): Job error code: HR= 0x80190194.

2022-03-11 18:41:31,239 __main__     ERROR    Line 7572: 22:20:53 E:installUpdate(556): Process returned error code= 0x4

2022-03-11 18:41:31,239 __main__     ERROR    08:55:05 E:FileSystem::ReadFile(84): ERROR Can't open file:  C:\Users\karpus\AppData\Roaming\Yandex\vendor-specific-urlparam-yabrowser.txt

2022-03-11 18:41:31,240 __main__     ERROR    14:54:55 E:JustUtil::SetEvent(32): LastError: 0x2. Error opening event  {611172A1-0EBC-49e8-A150-3052CE9F113A}-32-yabrowser

2022-03-11 18:41:31,241 __main__     ERROR    10:00:42 E:FileSystem::ReadFile(84): ERROR Can't open file:  C:\Users\karpus\AppData\Roaming\Yandex\vendor-specific-urlparam-yabrowser.txt

2022-03-11 18:41:31,242 __main__     ERROR    16:00:10 E:JustUtil::SetEvent(32): LastError: 0x2. Error opening event  {611172A1-0EBC-49e8-A150-3052CE9F113A}-32-yabrowser

2022-03-11 18:41:31,243 __main__     ERROR    09:00:38 E:FileSystem::ReadFile(84): ERROR Can't open file:  C:\Users\karpus\AppData\Roaming\Yandex\vendor-specific-urlparam-yabrowser.txt

2022-03-11 18:41:31,243 __main__     ERROR    14:40:18 E:FileSystem::ReadFile(84): ERROR Can't open file:  C:\Users\karpus\AppData\Roaming\Yandex\vendor-specific-urlparam-yabrowser.txt

2022-03-11 18:41:31,243 __main__     ERROR    14:40:34 E:JustUtil::SetEvent(32): LastError: 0x2. Error opening event  {611172A1-0EBC-49e8-A150-3052CE9F113A}-32-yabrowser

2022-03-11 18:41:31,244 __main__     CRITICAL 08:52:29 E:FileSystem::ReadFile(84): CRITICAL ERROR Can't open file:  C:\ProgramData\Yandex\clids-yabrowser.xml

2022-03-11 18:41:31,244 __main__     ERROR    08:52:29 E:FileSystem::ReadFile(84): ERROR Can't open file:  C:\Users\karpus\AppData\Roaming\Yandex\vendor-specific-urlparam-yabrowser.txt

2022-03-13 08:43:28,152 __main__     ERROR    20:41:54 E:JustUtil::SetEvent(32): LastError: 0x2. Error opening event  {611172A1-0EBC-49e8-A150-3052CE9F113A}-32-yabrowser

2022-03-13 08:43:28,164 __main__     ERROR    02:41:51 E:FileSystem::ReadFile(84): ERROR Can't open file:  C:\Users\karpus\AppData\Roaming\Yandex\vendor-specific-urlparam-yabrowser.txt

2022-03-13 08:43:28,191 __main__     CRITICAL 10:53:11 E:FileSystem::ReadFile(84): CRITICAL ERROR Can't open file:  C:\ProgramData\Yandex\clids-yabrowser.xml

2022-03-13 08:43:28,191 __main__     ERROR    10:53:11 E:FileSystem::ReadFile(84): ERROR Can't open file:  C:\Users\karpus\AppData\Roaming\Yandex\vendor-specific-urlparam-yabrowser.txt

2022-03-13 08:43:28,192 __main__     ERROR    10:53:23 E:JustUtil::SetEvent(32): LastError: 0x2. Error opening event  {611172A1-0EBC-49e8-A150-3052CE9F113A}-32-yabrowser

2022-03-13 08:43:28,192 __main__     CRITICAL 11:50:44 E:FileSystem::ReadFile(84): CRITICAL ERROR Can't open file:  C:\ProgramData\Yandex\clids-yabrowser.xml

2022-03-13 08:43:28,192 __main__     ERROR    11:50:44 E:FileSystem::ReadFile(84): ERROR Can't open file:  C:\Users\karpus\AppData\Roaming\Yandex\vendor-specific-urlparam-yabrowser.txt

2022-03-13 08:43:28,193 __main__     ERROR    11:50:54 E:JustUtil::SetEvent(32): LastError: 0x2. Error opening event  {611172A1-0EBC-49e8-A150-3052CE9F113A}-32-yabrowser

2022-03-13 08:43:28,195 __main__     ERROR    08:46:59 E:FileSystem::ReadFile(84): ERROR Can't open file:  C:\Users\karpus\AppData\Roaming\Yandex\vendor-specific-urlparam-yabrowser.txt

2022-03-13 08:43:28,200 __main__     ERROR    12:45:16 E:JustUtil::SetEvent(32): LastError: 0x2. Error opening event  {611172A1-0EBC-49e8-A150-3052CE9F113A}-32-yabrowser

2022-03-13 08:43:28,201 __main__     CRITICAL 10:25:26 E:FileSystem::ReadFile(84): CRITICAL ERROR Can't open file:  C:\ProgramData\Yandex\clids-yabrowser.xml

2022-03-13 08:43:28,202 __main__     ERROR    10:25:26 E:FileSystem::ReadFile(84): ERROR Can't open file:  C:\Users\karpus\AppData\Roaming\Yandex\vendor-specific-urlparam-yabrowser.txt

2022-03-13 08:43:28,203 __main__     ERROR    13:24:56 E:JustUtil::SetEvent(32): LastError: 0x2. Error opening event  {611172A1-0EBC-49e8-A150-3052CE9F113A}-32-yabrowser

2022-03-13 08:43:28,203 __main__     ERROR    17:00:07 E:TBitsTransferCompletion::TWorker::Error(220): Job error code: HR= 0x80190194.

2022-03-13 08:43:28,204 __main__     ERROR    Line 7572: 22:20:53 E:installUpdate(556): Process returned error code= 0x4

2022-03-13 08:43:28,204 __main__     ERROR    08:55:05 E:FileSystem::ReadFile(84): ERROR Can't open file:  C:\Users\karpus\AppData\Roaming\Yandex\vendor-specific-urlparam-yabrowser.txt

2022-03-13 08:43:28,205 __main__     ERROR    14:54:55 E:JustUtil::SetEvent(32): LastError: 0x2. Error opening event  {611172A1-0EBC-49e8-A150-3052CE9F113A}-32-yabrowser

2022-03-13 08:43:28,206 __main__     ERROR    10:00:42 E:FileSystem::ReadFile(84): ERROR Can't open file:  C:\Users\karpus\AppData\Roaming\Yandex\vendor-specific-urlparam-yabrowser.txt

2022-03-13 08:43:28,208 __main__     ERROR    16:00:10 E:JustUtil::SetEvent(32): LastError: 0x2. Error opening event  {611172A1-0EBC-49e8-A150-3052CE9F113A}-32-yabrowser

2022-03-13 08:43:28,208 __main__     ERROR    09:00:38 E:FileSystem::ReadFile(84): ERROR Can't open file:  C:\Users\karpus\AppData\Roaming\Yandex\vendor-specific-urlparam-yabrowser.txt

2022-03-13 08:43:28,209 __main__     ERROR    14:40:18 E:FileSystem::ReadFile(84): ERROR Can't open file:  C:\Users\karpus\AppData\Roaming\Yandex\vendor-specific-urlparam-yabrowser.txt

2022-03-13 08:43:28,210 __main__     ERROR    14:40:34 E:JustUtil::SetEvent(32): LastError: 0x2. Error opening event  {611172A1-0EBC-49e8-A150-3052CE9F113A}-32-yabrowser

2022-03-13 08:43:28,210 __main__     CRITICAL 08:52:29 E:FileSystem::ReadFile(84): CRITICAL ERROR Can't open file:  C:\ProgramData\Yandex\clids-yabrowser.xml

2022-03-13 08:43:28,210 __main__     ERROR    08:52:29 E:FileSystem::ReadFile(84): ERROR Can't open file:  C:\Users\karpus\AppData\Roaming\Yandex\vendor-specific-urlparam-yabrowser.txt

2022-03-14 20:43:01,085 __main__     ERROR    20:41:54 E:JustUtil::SetEvent(32): LastError: 0x2. Error opening event  {611172A1-0EBC-49e8-A150-3052CE9F113A}-32-yabrowser

2022-03-14 20:43:01,096 __main__     ERROR    02:41:51 E:FileSystem::ReadFile(84): ERROR Can't open file:  C:\Users\karpus\AppData\Roaming\Yandex\vendor-specific-urlparam-yabrowser.txt

2022-03-14 20:43:01,117 __main__     CRITICAL 10:53:11 E:FileSystem::ReadFile(84): CRITICAL ERROR Can't open file:  C:\ProgramData\Yandex\clids-yabrowser.xml

2022-03-14 20:43:01,118 __main__     ERROR    10:53:11 E:FileSystem::ReadFile(84): ERROR Can't open file:  C:\Users\karpus\AppData\Roaming\Yandex\vendor-specific-urlparam-yabrowser.txt

2022-03-14 20:43:01,118 __main__     ERROR    10:53:23 E:JustUtil::SetEvent(32): LastError: 0x2. Error opening event  {611172A1-0EBC-49e8-A150-3052CE9F113A}-32-yabrowser

2022-03-14 20:43:01,119 __main__     CRITICAL 11:50:44 E:FileSystem::ReadFile(84): CRITICAL ERROR Can't open file:  C:\ProgramData\Yandex\clids-yabrowser.xml

2022-03-14 20:43:01,119 __main__     ERROR    11:50:44 E:FileSystem::ReadFile(84): ERROR Can't open file:  C:\Users\karpus\AppData\Roaming\Yandex\vendor-specific-urlparam-yabrowser.txt

2022-03-14 20:43:01,119 __main__     ERROR    11:50:54 E:JustUtil::SetEvent(32): LastError: 0x2. Error opening event  {611172A1-0EBC-49e8-A150-3052CE9F113A}-32-yabrowser

2022-03-14 20:43:01,121 __main__     ERROR    08:46:59 E:FileSystem::ReadFile(84): ERROR Can't open file:  C:\Users\karpus\AppData\Roaming\Yandex\vendor-specific-urlparam-yabrowser.txt

2022-03-14 20:43:01,124 __main__     ERROR    12:45:16 E:JustUtil::SetEvent(32): LastError: 0x2. Error opening event  {611172A1-0EBC-49e8-A150-3052CE9F113A}-32-yabrowser

2022-03-14 20:43:01,126 __main__     CRITICAL 10:25:26 E:FileSystem::ReadFile(84): CRITICAL ERROR Can't open file:  C:\ProgramData\Yandex\clids-yabrowser.xml

2022-03-14 20:43:01,126 __main__     ERROR    10:25:26 E:FileSystem::ReadFile(84): ERROR Can't open file:  C:\Users\karpus\AppData\Roaming\Yandex\vendor-specific-urlparam-yabrowser.txt

2022-03-14 20:43:01,127 __main__     ERROR    13:24:56 E:JustUtil::SetEvent(32): LastError: 0x2. Error opening event  {611172A1-0EBC-49e8-A150-3052CE9F113A}-32-yabrowser

2022-03-14 20:43:01,127 __main__     ERROR    17:00:07 E:TBitsTransferCompletion::TWorker::Error(220): Job error code: HR= 0x80190194.

2022-03-14 20:43:01,128 __main__     ERROR    Line 7572: 22:20:53 E:installUpdate(556): Process returned error code= 0x4

2022-03-14 20:43:01,128 __main__     ERROR    08:55:05 E:FileSystem::ReadFile(84): ERROR Can't open file:  C:\Users\karpus\AppData\Roaming\Yandex\vendor-specific-urlparam-yabrowser.txt

2022-03-14 20:43:01,129 __main__     ERROR    14:54:55 E:JustUtil::SetEvent(32): LastError: 0x2. Error opening event  {611172A1-0EBC-49e8-A150-3052CE9F113A}-32-yabrowser

2022-03-14 20:43:01,130 __main__     ERROR    10:00:42 E:FileSystem::ReadFile(84): ERROR Can't open file:  C:\Users\karpus\AppData\Roaming\Yandex\vendor-specific-urlparam-yabrowser.txt

2022-03-14 20:43:01,131 __main__     ERROR    16:00:10 E:JustUtil::SetEvent(32): LastError: 0x2. Error opening event  {611172A1-0EBC-49e8-A150-3052CE9F113A}-32-yabrowser

2022-03-14 20:43:01,132 __main__     ERROR    09:00:38 E:FileSystem::ReadFile(84): ERROR Can't open file:  C:\Users\karpus\AppData\Roaming\Yandex\vendor-specific-urlparam-yabrowser.txt

2022-03-14 20:43:01,133 __main__     ERROR    14:40:18 E:FileSystem::ReadFile(84): ERROR Can't open file:  C:\Users\karpus\AppData\Roaming\Yandex\vendor-specific-urlparam-yabrowser.txt

2022-03-14 20:43:01,134 __main__     ERROR    14:40:34 E:JustUtil::SetEvent(32): LastError: 0x2. Error opening event  {611172A1-0EBC-49e8-A150-3052CE9F113A}-32-yabrowser

2022-03-14 20:43:01,134 __main__     CRITICAL 08:52:29 E:FileSystem::ReadFile(84): CRITICAL ERROR Can't open file:  C:\ProgramData\Yandex\clids-yabrowser.xml

2022-03-14 20:43:01,135 __main__     ERROR    08:52:29 E:FileSystem::ReadFile(84): ERROR Can't open file:  C:\Users\karpus\AppData\Roaming\Yandex\vendor-specific-urlparam-yabrowser.txt

2022-03-14 20:43:15,602 __main__     ERROR    20:41:54 E:JustUtil::SetEvent(32): LastError: 0x2. Error opening event  {611172A1-0EBC-49e8-A150-3052CE9F113A}-32-yabrowser

2022-03-14 20:43:15,603 __main__     ERROR    02:41:51 E:FileSystem::ReadFile(84): ERROR Can't open file:  C:\Users\karpus\AppData\Roaming\Yandex\vendor-specific-urlparam-yabrowser.txt

2022-03-14 20:43:15,631 __main__     CRITICAL 10:53:11 E:FileSystem::ReadFile(84): CRITICAL ERROR Can't open file:  C:\ProgramData\Yandex\clids-yabrowser.xml

2022-03-14 20:43:15,631 __main__     ERROR    10:53:11 E:FileSystem::ReadFile(84): ERROR Can't open file:  C:\Users\karpus\AppData\Roaming\Yandex\vendor-specific-urlparam-yabrowser.txt

2022-03-14 20:43:15,631 __main__     ERROR    10:53:23 E:JustUtil::SetEvent(32): LastError: 0x2. Error opening event  {611172A1-0EBC-49e8-A150-3052CE9F113A}-32-yabrowser

2022-03-14 20:43:15,632 __main__     CRITICAL 11:50:44 E:FileSystem::ReadFile(84): CRITICAL ERROR Can't open file:  C:\ProgramData\Yandex\clids-yabrowser.xml

2022-03-14 20:43:15,632 __main__     ERROR    11:50:44 E:FileSystem::ReadFile(84): ERROR Can't open file:  C:\Users\karpus\AppData\Roaming\Yandex\vendor-specific-urlparam-yabrowser.txt

2022-03-14 20:43:15,633 __main__     ERROR    11:50:54 E:JustUtil::SetEvent(32): LastError: 0x2. Error opening event  {611172A1-0EBC-49e8-A150-3052CE9F113A}-32-yabrowser

2022-03-14 20:43:15,635 __main__     ERROR    08:46:59 E:FileSystem::ReadFile(84): ERROR Can't open file:  C:\Users\karpus\AppData\Roaming\Yandex\vendor-specific-urlparam-yabrowser.txt

2022-03-14 20:43:15,639 __main__     ERROR    12:45:16 E:JustUtil::SetEvent(32): LastError: 0x2. Error opening event  {611172A1-0EBC-49e8-A150-3052CE9F113A}-32-yabrowser

2022-03-14 20:43:15,641 __main__     CRITICAL 10:25:26 E:FileSystem::ReadFile(84): CRITICAL ERROR Can't open file:  C:\ProgramData\Yandex\clids-yabrowser.xml

2022-03-14 20:43:15,641 __main__     ERROR    10:25:26 E:FileSystem::ReadFile(84): ERROR Can't open file:  C:\Users\karpus\AppData\Roaming\Yandex\vendor-specific-urlparam-yabrowser.txt

2022-03-14 20:43:15,642 __main__     ERROR    13:24:56 E:JustUtil::SetEvent(32): LastError: 0x2. Error opening event  {611172A1-0EBC-49e8-A150-3052CE9F113A}-32-yabrowser

2022-03-14 20:43:15,642 __main__     ERROR    17:00:07 E:TBitsTransferCompletion::TWorker::Error(220): Job error code: HR= 0x80190194.

2022-03-14 20:43:15,643 __main__     ERROR    Line 7572: 22:20:53 E:installUpdate(556): Process returned error code= 0x4

2022-03-14 20:43:15,643 __main__     ERROR    08:55:05 E:FileSystem::ReadFile(84): ERROR Can't open file:  C:\Users\karpus\AppData\Roaming\Yandex\vendor-specific-urlparam-yabrowser.txt

2022-03-14 20:43:15,644 __main__     ERROR    14:54:55 E:JustUtil::SetEvent(32): LastError: 0x2. Error opening event  {611172A1-0EBC-49e8-A150-3052CE9F113A}-32-yabrowser

2022-03-14 20:43:15,645 __main__     ERROR    10:00:42 E:FileSystem::ReadFile(84): ERROR Can't open file:  C:\Users\karpus\AppData\Roaming\Yandex\vendor-specific-urlparam-yabrowser.txt

2022-03-14 20:43:15,647 __main__     ERROR    16:00:10 E:JustUtil::SetEvent(32): LastError: 0x2. Error opening event  {611172A1-0EBC-49e8-A150-3052CE9F113A}-32-yabrowser

2022-03-14 20:43:15,648 __main__     ERROR    09:00:38 E:FileSystem::ReadFile(84): ERROR Can't open file:  C:\Users\karpus\AppData\Roaming\Yandex\vendor-specific-urlparam-yabrowser.txt

2022-03-14 20:43:15,648 __main__     ERROR    14:40:18 E:FileSystem::ReadFile(84): ERROR Can't open file:  C:\Users\karpus\AppData\Roaming\Yandex\vendor-specific-urlparam-yabrowser.txt

2022-03-14 20:43:15,648 __main__     ERROR    14:40:34 E:JustUtil::SetEvent(32): LastError: 0x2. Error opening event  {611172A1-0EBC-49e8-A150-3052CE9F113A}-32-yabrowser

2022-03-14 20:43:15,649 __main__     CRITICAL 08:52:29 E:FileSystem::ReadFile(84): CRITICAL ERROR Can't open file:  C:\ProgramData\Yandex\clids-yabrowser.xml

2022-03-14 20:43:15,649 __main__     ERROR    08:52:29 E:FileSystem::ReadFile(84): ERROR Can't open file:  C:\Users\karpus\AppData\Roaming\Yandex\vendor-specific-urlparam-yabrowser.txt

